2025-10-10T09:15:12.441+09:00  INFO 14172 --- [mysite] [restartedMain] com.moviesite.mysite.MysiteApplication   : Starting MysiteApplication using Java 21.0.8 with PID 14172 (D:\my-project\myProject_movie\mysite\bin\main started by YONSAI in D:\my-project\myProject_movie\mysite)
2025-10-10T09:15:12.446+09:00  INFO 14172 --- [mysite] [restartedMain] com.moviesite.mysite.MysiteApplication   : No active profile set, falling back to 1 default profile: "default"
2025-10-10T09:15:12.480+09:00  INFO 14172 --- [mysite] [restartedMain] .e.DevToolsPropertyDefaultsPostProcessor : Devtools property defaults active! Set 'spring.devtools.add-properties' to 'false' to disable
2025-10-10T09:15:12.480+09:00  INFO 14172 --- [mysite] [restartedMain] .e.DevToolsPropertyDefaultsPostProcessor : For additional web related logging consider setting the 'logging.level.web' property to 'DEBUG'
2025-10-10T09:15:13.072+09:00  INFO 14172 --- [mysite] [restartedMain] .s.d.r.c.RepositoryConfigurationDelegate : Bootstrapping Spring Data JPA repositories in DEFAULT mode.
2025-10-10T09:15:13.133+09:00  INFO 14172 --- [mysite] [restartedMain] .s.d.r.c.RepositoryConfigurationDelegate : Finished Spring Data repository scanning in 54 ms. Found 14 JPA repository interfaces.
2025-10-10T09:15:13.710+09:00  INFO 14172 --- [mysite] [restartedMain] o.s.b.w.embedded.tomcat.TomcatWebServer  : Tomcat initialized with port 8080 (http)
2025-10-10T09:15:13.728+09:00  INFO 14172 --- [mysite] [restartedMain] o.apache.catalina.core.StandardService   : Starting service [Tomcat]
2025-10-10T09:15:13.729+09:00  INFO 14172 --- [mysite] [restartedMain] o.apache.catalina.core.StandardEngine    : Starting Servlet engine: [Apache Tomcat/10.1.46]
2025-10-10T09:15:13.772+09:00  INFO 14172 --- [mysite] [restartedMain] o.a.c.c.C.[Tomcat].[localhost].[/]       : Initializing Spring embedded WebApplicationContext
2025-10-10T09:15:13.772+09:00  INFO 14172 --- [mysite] [restartedMain] w.s.c.ServletWebServerApplicationContext : Root WebApplicationContext: initialization completed in 1291 ms
2025-10-10T09:15:13.919+09:00  INFO 14172 --- [mysite] [restartedMain] o.hibernate.jpa.internal.util.LogHelper  : HHH000204: Processing PersistenceUnitInfo [name: default]
2025-10-10T09:15:13.970+09:00  INFO 14172 --- [mysite] [restartedMain] org.hibernate.Version                    : HHH000412: Hibernate ORM core version 6.6.29.Final
2025-10-10T09:15:13.999+09:00  INFO 14172 --- [mysite] [restartedMain] o.h.c.internal.RegionFactoryInitiator    : HHH000026: Second-level cache disabled
2025-10-10T09:15:14.217+09:00  INFO 14172 --- [mysite] [restartedMain] o.s.o.j.p.SpringPersistenceUnitInfo      : No LoadTimeWeaver setup: ignoring JPA class transformer
2025-10-10T09:15:14.239+09:00  INFO 14172 --- [mysite] [restartedMain] com.zaxxer.hikari.HikariDataSource       : HikariPool-1 - Starting...
2025-10-10T09:15:14.317+09:00  INFO 14172 --- [mysite] [restartedMain] com.zaxxer.hikari.pool.HikariPool        : HikariPool-1 - Added connection org.mariadb.jdbc.Connection@34001de1
2025-10-10T09:15:14.318+09:00  INFO 14172 --- [mysite] [restartedMain] com.zaxxer.hikari.HikariDataSource       : HikariPool-1 - Start completed.
2025-10-10T09:15:14.340+09:00  WARN 14172 --- [mysite] [restartedMain] org.hibernate.orm.deprecation            : HHH90000025: MariaDBDialect does not need to be specified explicitly using 'hibernate.dialect' (remove the property setting and it will be selected by default)
2025-10-10T09:15:14.352+09:00  INFO 14172 --- [mysite] [restartedMain] org.hibernate.orm.connections.pooling    : HHH10001005: Database info:
	Database JDBC URL [Connecting through datasource 'HikariDataSource (HikariPool-1)']
	Database driver: undefined/unknown
	Database version: 11.4.8
	Autocommit mode: undefined/unknown
	Isolation level: undefined/unknown
	Minimum pool size: undefined/unknown
	Maximum pool size: undefined/unknown
2025-10-10T09:15:15.099+09:00  INFO 14172 --- [mysite] [restartedMain] o.h.e.t.j.p.i.JtaPlatformInitiator       : HHH000489: No JTA platform available (set 'hibernate.transaction.jta.platform' to enable JTA platform integration)
2025-10-10T09:15:15.152+09:00  INFO 14172 --- [mysite] [restartedMain] j.LocalContainerEntityManagerFactoryBean : Initialized JPA EntityManagerFactory for persistence unit 'default'
2025-10-10T09:15:15.601+09:00  WARN 14172 --- [mysite] [restartedMain] JpaBaseConfiguration$JpaWebConfiguration : spring.jpa.open-in-view is enabled by default. Therefore, database queries may be performed during view rendering. Explicitly configure spring.jpa.open-in-view to disable this warning
2025-10-10T09:15:15.768+09:00  INFO 14172 --- [mysite] [restartedMain] r$InitializeUserDetailsManagerConfigurer : Global AuthenticationManager configured with UserDetailsService bean with name customUserDetailsService
2025-10-10T09:15:16.064+09:00  INFO 14172 --- [mysite] [restartedMain] o.s.b.d.a.OptionalLiveReloadServer       : LiveReload server is running on port 35729
2025-10-10T09:15:16.086+09:00  INFO 14172 --- [mysite] [restartedMain] o.s.b.w.embedded.tomcat.TomcatWebServer  : Tomcat started on port 8080 (http) with context path '/'
2025-10-10T09:15:16.092+09:00  INFO 14172 --- [mysite] [restartedMain] com.moviesite.mysite.MysiteApplication   : Started MysiteApplication in 3.956 seconds (process running for 4.273)
2025-10-10T10:04:39.402+09:00  INFO 14172 --- [mysite] [http-nio-8080-exec-1] o.a.c.c.C.[Tomcat].[localhost].[/]       : Initializing Spring DispatcherServlet 'dispatcherServlet'
2025-10-10T10:04:39.403+09:00  INFO 14172 --- [mysite] [http-nio-8080-exec-1] o.s.web.servlet.DispatcherServlet        : Initializing Servlet 'dispatcherServlet'
2025-10-10T10:04:39.405+09:00  INFO 14172 --- [mysite] [http-nio-8080-exec-1] o.s.web.servlet.DispatcherServlet        : Completed initialization in 2 ms
2025-10-10T10:04:39.465+09:00  WARN 14172 --- [mysite] [http-nio-8080-exec-1] .m.m.a.ExceptionHandlerExceptionResolver : Resolved [java.lang.IllegalArgumentException: When allowCredentials is true, allowedOrigins cannot contain the special value "*" since that cannot be set on the "Access-Control-Allow-Origin" response header. To allow credentials to a set of origins, list them explicitly or consider using "allowedOriginPatterns" instead.]
2025-10-10T10:04:39.469+09:00  WARN 14172 --- [mysite] [http-nio-8080-exec-2] .m.m.a.ExceptionHandlerExceptionResolver : Resolved [java.lang.IllegalArgumentException: When allowCredentials is true, allowedOrigins cannot contain the special value "*" since that cannot be set on the "Access-Control-Allow-Origin" response header. To allow credentials to a set of origins, list them explicitly or consider using "allowedOriginPatterns" instead.]
2025-10-10T10:06:17.656+09:00  INFO 8652 --- [mysite] [restartedMain] com.moviesite.mysite.MysiteApplication   : Starting MysiteApplication using Java 21.0.8 with PID 8652 (D:\my-project\myProject_movie\mysite\bin\main started by YONSAI in D:\my-project\myProject_movie\mysite)
2025-10-10T10:06:17.658+09:00  INFO 8652 --- [mysite] [restartedMain] com.moviesite.mysite.MysiteApplication   : No active profile set, falling back to 1 default profile: "default"
2025-10-10T10:06:17.689+09:00  INFO 8652 --- [mysite] [restartedMain] .e.DevToolsPropertyDefaultsPostProcessor : Devtools property defaults active! Set 'spring.devtools.add-properties' to 'false' to disable
2025-10-10T10:06:17.689+09:00  INFO 8652 --- [mysite] [restartedMain] .e.DevToolsPropertyDefaultsPostProcessor : For additional web related logging consider setting the 'logging.level.web' property to 'DEBUG'
2025-10-10T10:06:18.277+09:00  INFO 8652 --- [mysite] [restartedMain] .s.d.r.c.RepositoryConfigurationDelegate : Bootstrapping Spring Data JPA repositories in DEFAULT mode.
2025-10-10T10:06:18.341+09:00  INFO 8652 --- [mysite] [restartedMain] .s.d.r.c.RepositoryConfigurationDelegate : Finished Spring Data repository scanning in 58 ms. Found 14 JPA repository interfaces.
2025-10-10T10:06:18.829+09:00  INFO 8652 --- [mysite] [restartedMain] o.s.b.w.embedded.tomcat.TomcatWebServer  : Tomcat initialized with port 8080 (http)
2025-10-10T10:06:18.844+09:00  INFO 8652 --- [mysite] [restartedMain] o.apache.catalina.core.StandardService   : Starting service [Tomcat]
2025-10-10T10:06:18.844+09:00  INFO 8652 --- [mysite] [restartedMain] o.apache.catalina.core.StandardEngine    : Starting Servlet engine: [Apache Tomcat/10.1.46]
2025-10-10T10:06:18.880+09:00  INFO 8652 --- [mysite] [restartedMain] o.a.c.c.C.[Tomcat].[localhost].[/]       : Initializing Spring embedded WebApplicationContext
2025-10-10T10:06:18.880+09:00  INFO 8652 --- [mysite] [restartedMain] w.s.c.ServletWebServerApplicationContext : Root WebApplicationContext: initialization completed in 1191 ms
2025-10-10T10:06:19.006+09:00  INFO 8652 --- [mysite] [restartedMain] o.hibernate.jpa.internal.util.LogHelper  : HHH000204: Processing PersistenceUnitInfo [name: default]
2025-10-10T10:06:19.042+09:00  INFO 8652 --- [mysite] [restartedMain] org.hibernate.Version                    : HHH000412: Hibernate ORM core version 6.6.29.Final
2025-10-10T10:06:19.063+09:00  INFO 8652 --- [mysite] [restartedMain] o.h.c.internal.RegionFactoryInitiator    : HHH000026: Second-level cache disabled
2025-10-10T10:06:19.258+09:00  INFO 8652 --- [mysite] [restartedMain] o.s.o.j.p.SpringPersistenceUnitInfo      : No LoadTimeWeaver setup: ignoring JPA class transformer
2025-10-10T10:06:19.278+09:00  INFO 8652 --- [mysite] [restartedMain] com.zaxxer.hikari.HikariDataSource       : HikariPool-1 - Starting...
2025-10-10T10:06:19.345+09:00  INFO 8652 --- [mysite] [restartedMain] com.zaxxer.hikari.pool.HikariPool        : HikariPool-1 - Added connection org.mariadb.jdbc.Connection@7601f8ed
2025-10-10T10:06:19.346+09:00  INFO 8652 --- [mysite] [restartedMain] com.zaxxer.hikari.HikariDataSource       : HikariPool-1 - Start completed.
2025-10-10T10:06:19.364+09:00  WARN 8652 --- [mysite] [restartedMain] org.hibernate.orm.deprecation            : HHH90000025: MariaDBDialect does not need to be specified explicitly using 'hibernate.dialect' (remove the property setting and it will be selected by default)
2025-10-10T10:06:19.375+09:00  INFO 8652 --- [mysite] [restartedMain] org.hibernate.orm.connections.pooling    : HHH10001005: Database info:
	Database JDBC URL [Connecting through datasource 'HikariDataSource (HikariPool-1)']
	Database driver: undefined/unknown
	Database version: 11.4.8
	Autocommit mode: undefined/unknown
	Isolation level: undefined/unknown
	Minimum pool size: undefined/unknown
	Maximum pool size: undefined/unknown
2025-10-10T10:06:20.065+09:00  INFO 8652 --- [mysite] [restartedMain] o.h.e.t.j.p.i.JtaPlatformInitiator       : HHH000489: No JTA platform available (set 'hibernate.transaction.jta.platform' to enable JTA platform integration)
2025-10-10T10:06:20.114+09:00  INFO 8652 --- [mysite] [restartedMain] j.LocalContainerEntityManagerFactoryBean : Initialized JPA EntityManagerFactory for persistence unit 'default'
2025-10-10T10:06:20.542+09:00  WARN 8652 --- [mysite] [restartedMain] JpaBaseConfiguration$JpaWebConfiguration : spring.jpa.open-in-view is enabled by default. Therefore, database queries may be performed during view rendering. Explicitly configure spring.jpa.open-in-view to disable this warning
2025-10-10T10:06:20.701+09:00  INFO 8652 --- [mysite] [restartedMain] r$InitializeUserDetailsManagerConfigurer : Global AuthenticationManager configured with UserDetailsService bean with name customUserDetailsService
2025-10-10T10:06:20.984+09:00  WARN 8652 --- [mysite] [restartedMain] o.s.b.d.a.OptionalLiveReloadServer       : Unable to start LiveReload server
2025-10-10T10:06:20.995+09:00  WARN 8652 --- [mysite] [restartedMain] ConfigServletWebServerApplicationContext : Exception encountered during context initialization - cancelling refresh attempt: org.springframework.context.ApplicationContextException: Failed to start bean 'webServerStartStop'
2025-10-10T10:06:20.999+09:00  INFO 8652 --- [mysite] [restartedMain] j.LocalContainerEntityManagerFactoryBean : Closing JPA EntityManagerFactory for persistence unit 'default'
2025-10-10T10:06:21.001+09:00  INFO 8652 --- [mysite] [restartedMain] com.zaxxer.hikari.HikariDataSource       : HikariPool-1 - Shutdown initiated...
2025-10-10T10:06:21.003+09:00  INFO 8652 --- [mysite] [restartedMain] com.zaxxer.hikari.HikariDataSource       : HikariPool-1 - Shutdown completed.
2025-10-10T10:06:21.011+09:00  INFO 8652 --- [mysite] [restartedMain] .s.b.a.l.ConditionEvaluationReportLogger : 

Error starting ApplicationContext. To display the condition evaluation report re-run your application with 'debug' enabled.
2025-10-10T10:06:21.026+09:00 ERROR 8652 --- [mysite] [restartedMain] o.s.b.d.LoggingFailureAnalysisReporter   : 

***************************
APPLICATION FAILED TO START
***************************

Description:

Web server failed to start. Port 8080 was already in use.

Action:

Identify and stop the process that's listening on port 8080 or configure this application to listen on another port.

2025-10-10T10:07:17.655+09:00  INFO 8088 --- [mysite] [restartedMain] com.moviesite.mysite.MysiteApplication   : Starting MysiteApplication using Java 21.0.8 with PID 8088 (D:\my-project\myProject_movie\mysite\bin\main started by YONSAI in D:\my-project\myProject_movie\mysite)
2025-10-10T10:07:17.656+09:00  INFO 8088 --- [mysite] [restartedMain] com.moviesite.mysite.MysiteApplication   : No active profile set, falling back to 1 default profile: "default"
2025-10-10T10:07:17.687+09:00  INFO 8088 --- [mysite] [restartedMain] .e.DevToolsPropertyDefaultsPostProcessor : Devtools property defaults active! Set 'spring.devtools.add-properties' to 'false' to disable
2025-10-10T10:07:17.687+09:00  INFO 8088 --- [mysite] [restartedMain] .e.DevToolsPropertyDefaultsPostProcessor : For additional web related logging consider setting the 'logging.level.web' property to 'DEBUG'
2025-10-10T10:07:18.268+09:00  INFO 8088 --- [mysite] [restartedMain] .s.d.r.c.RepositoryConfigurationDelegate : Bootstrapping Spring Data JPA repositories in DEFAULT mode.
2025-10-10T10:07:18.334+09:00  INFO 8088 --- [mysite] [restartedMain] .s.d.r.c.RepositoryConfigurationDelegate : Finished Spring Data repository scanning in 60 ms. Found 14 JPA repository interfaces.
2025-10-10T10:07:18.825+09:00  INFO 8088 --- [mysite] [restartedMain] o.s.b.w.embedded.tomcat.TomcatWebServer  : Tomcat initialized with port 8080 (http)
2025-10-10T10:07:18.838+09:00  INFO 8088 --- [mysite] [restartedMain] o.apache.catalina.core.StandardService   : Starting service [Tomcat]
2025-10-10T10:07:18.838+09:00  INFO 8088 --- [mysite] [restartedMain] o.apache.catalina.core.StandardEngine    : Starting Servlet engine: [Apache Tomcat/10.1.46]
2025-10-10T10:07:18.876+09:00  INFO 8088 --- [mysite] [restartedMain] o.a.c.c.C.[Tomcat].[localhost].[/]       : Initializing Spring embedded WebApplicationContext
2025-10-10T10:07:18.876+09:00  INFO 8088 --- [mysite] [restartedMain] w.s.c.ServletWebServerApplicationContext : Root WebApplicationContext: initialization completed in 1188 ms
2025-10-10T10:07:18.999+09:00  INFO 8088 --- [mysite] [restartedMain] o.hibernate.jpa.internal.util.LogHelper  : HHH000204: Processing PersistenceUnitInfo [name: default]
2025-10-10T10:07:19.034+09:00  INFO 8088 --- [mysite] [restartedMain] org.hibernate.Version                    : HHH000412: Hibernate ORM core version 6.6.29.Final
2025-10-10T10:07:19.055+09:00  INFO 8088 --- [mysite] [restartedMain] o.h.c.internal.RegionFactoryInitiator    : HHH000026: Second-level cache disabled
2025-10-10T10:07:19.242+09:00  INFO 8088 --- [mysite] [restartedMain] o.s.o.j.p.SpringPersistenceUnitInfo      : No LoadTimeWeaver setup: ignoring JPA class transformer
2025-10-10T10:07:19.262+09:00  INFO 8088 --- [mysite] [restartedMain] com.zaxxer.hikari.HikariDataSource       : HikariPool-1 - Starting...
2025-10-10T10:07:19.329+09:00  INFO 8088 --- [mysite] [restartedMain] com.zaxxer.hikari.pool.HikariPool        : HikariPool-1 - Added connection org.mariadb.jdbc.Connection@1bafdcc6
2025-10-10T10:07:19.331+09:00  INFO 8088 --- [mysite] [restartedMain] com.zaxxer.hikari.HikariDataSource       : HikariPool-1 - Start completed.
2025-10-10T10:07:19.349+09:00  WARN 8088 --- [mysite] [restartedMain] org.hibernate.orm.deprecation            : HHH90000025: MariaDBDialect does not need to be specified explicitly using 'hibernate.dialect' (remove the property setting and it will be selected by default)
2025-10-10T10:07:19.360+09:00  INFO 8088 --- [mysite] [restartedMain] org.hibernate.orm.connections.pooling    : HHH10001005: Database info:
	Database JDBC URL [Connecting through datasource 'HikariDataSource (HikariPool-1)']
	Database driver: undefined/unknown
	Database version: 11.4.8
	Autocommit mode: undefined/unknown
	Isolation level: undefined/unknown
	Minimum pool size: undefined/unknown
	Maximum pool size: undefined/unknown
2025-10-10T10:07:20.038+09:00  INFO 8088 --- [mysite] [restartedMain] o.h.e.t.j.p.i.JtaPlatformInitiator       : HHH000489: No JTA platform available (set 'hibernate.transaction.jta.platform' to enable JTA platform integration)
2025-10-10T10:07:20.085+09:00  INFO 8088 --- [mysite] [restartedMain] j.LocalContainerEntityManagerFactoryBean : Initialized JPA EntityManagerFactory for persistence unit 'default'
2025-10-10T10:07:20.510+09:00  WARN 8088 --- [mysite] [restartedMain] JpaBaseConfiguration$JpaWebConfiguration : spring.jpa.open-in-view is enabled by default. Therefore, database queries may be performed during view rendering. Explicitly configure spring.jpa.open-in-view to disable this warning
2025-10-10T10:07:20.666+09:00  INFO 8088 --- [mysite] [restartedMain] r$InitializeUserDetailsManagerConfigurer : Global AuthenticationManager configured with UserDetailsService bean with name customUserDetailsService
2025-10-10T10:07:20.954+09:00  INFO 8088 --- [mysite] [restartedMain] o.s.b.d.a.OptionalLiveReloadServer       : LiveReload server is running on port 35729
2025-10-10T10:07:20.975+09:00  INFO 8088 --- [mysite] [restartedMain] o.s.b.w.embedded.tomcat.TomcatWebServer  : Tomcat started on port 8080 (http) with context path '/'
2025-10-10T10:07:20.981+09:00  INFO 8088 --- [mysite] [restartedMain] com.moviesite.mysite.MysiteApplication   : Started MysiteApplication in 3.631 seconds (process running for 3.942)
2025-10-10T10:07:28.770+09:00  INFO 8088 --- [mysite] [http-nio-8080-exec-1] o.a.c.c.C.[Tomcat].[localhost].[/]       : Initializing Spring DispatcherServlet 'dispatcherServlet'
2025-10-10T10:07:28.770+09:00  INFO 8088 --- [mysite] [http-nio-8080-exec-1] o.s.web.servlet.DispatcherServlet        : Initializing Servlet 'dispatcherServlet'
2025-10-10T10:07:28.771+09:00  INFO 8088 --- [mysite] [http-nio-8080-exec-1] o.s.web.servlet.DispatcherServlet        : Completed initialization in 1 ms
2025-10-10T10:07:28.821+09:00  WARN 8088 --- [mysite] [http-nio-8080-exec-1] .m.m.a.ExceptionHandlerExceptionResolver : Resolved [java.lang.IllegalArgumentException: When allowCredentials is true, allowedOrigins cannot contain the special value "*" since that cannot be set on the "Access-Control-Allow-Origin" response header. To allow credentials to a set of origins, list them explicitly or consider using "allowedOriginPatterns" instead.]
2025-10-10T10:07:28.825+09:00  WARN 8088 --- [mysite] [http-nio-8080-exec-2] .m.m.a.ExceptionHandlerExceptionResolver : Resolved [java.lang.IllegalArgumentException: When allowCredentials is true, allowedOrigins cannot contain the special value "*" since that cannot be set on the "Access-Control-Allow-Origin" response header. To allow credentials to a set of origins, list them explicitly or consider using "allowedOriginPatterns" instead.]
2025-10-10T10:11:11.366+09:00  INFO 8088 --- [mysite] [File Watcher] rtingClassPathChangeChangedEventListener : Restarting due to 1 class path change (0 additions, 0 deletions, 1 modification)
2025-10-10T10:11:11.368+09:00  INFO 8088 --- [mysite] [Thread-5] o.s.b.w.e.tomcat.GracefulShutdown        : Commencing graceful shutdown. Waiting for active requests to complete
2025-10-10T10:11:11.370+09:00  INFO 8088 --- [mysite] [tomcat-shutdown] o.s.b.w.e.tomcat.GracefulShutdown        : Graceful shutdown complete
2025-10-10T10:11:11.374+09:00  INFO 8088 --- [mysite] [Thread-5] j.LocalContainerEntityManagerFactoryBean : Closing JPA EntityManagerFactory for persistence unit 'default'
2025-10-10T10:11:11.376+09:00  INFO 8088 --- [mysite] [Thread-5] com.zaxxer.hikari.HikariDataSource       : HikariPool-1 - Shutdown initiated...
2025-10-10T10:11:11.377+09:00  INFO 8088 --- [mysite] [Thread-5] com.zaxxer.hikari.HikariDataSource       : HikariPool-1 - Shutdown completed.
2025-10-10T10:11:11.429+09:00  INFO 8088 --- [mysite] [restartedMain] com.moviesite.mysite.MysiteApplication   : Starting MysiteApplication using Java 21.0.8 with PID 8088 (D:\my-project\myProject_movie\mysite\bin\main started by YONSAI in D:\my-project\myProject_movie\mysite)
2025-10-10T10:11:11.429+09:00 DEBUG 8088 --- [mysite] [restartedMain] com.moviesite.mysite.MysiteApplication   : Running with Spring Boot v3.5.6, Spring v6.2.11
2025-10-10T10:11:11.430+09:00  INFO 8088 --- [mysite] [restartedMain] com.moviesite.mysite.MysiteApplication   : No active profile set, falling back to 1 default profile: "default"
2025-10-10T10:11:11.614+09:00  INFO 8088 --- [mysite] [restartedMain] .s.d.r.c.RepositoryConfigurationDelegate : Bootstrapping Spring Data JPA repositories in DEFAULT mode.
2025-10-10T10:11:11.642+09:00  INFO 8088 --- [mysite] [restartedMain] .s.d.r.c.RepositoryConfigurationDelegate : Finished Spring Data repository scanning in 27 ms. Found 14 JPA repository interfaces.
2025-10-10T10:11:11.716+09:00  INFO 8088 --- [mysite] [restartedMain] o.s.b.w.embedded.tomcat.TomcatWebServer  : Tomcat initialized with port 8080 (http)
2025-10-10T10:11:11.717+09:00  INFO 8088 --- [mysite] [restartedMain] o.apache.catalina.core.StandardService   : Starting service [Tomcat]
2025-10-10T10:11:11.717+09:00  INFO 8088 --- [mysite] [restartedMain] o.apache.catalina.core.StandardEngine    : Starting Servlet engine: [Apache Tomcat/10.1.46]
2025-10-10T10:11:11.733+09:00  INFO 8088 --- [mysite] [restartedMain] o.a.c.c.C.[Tomcat].[localhost].[/]       : Initializing Spring embedded WebApplicationContext
2025-10-10T10:11:11.733+09:00  INFO 8088 --- [mysite] [restartedMain] w.s.c.ServletWebServerApplicationContext : Root WebApplicationContext: initialization completed in 302 ms
2025-10-10T10:11:11.760+09:00  INFO 8088 --- [mysite] [restartedMain] o.hibernate.jpa.internal.util.LogHelper  : HHH000204: Processing PersistenceUnitInfo [name: default]
2025-10-10T10:11:11.762+09:00  INFO 8088 --- [mysite] [restartedMain] o.h.c.internal.RegionFactoryInitiator    : HHH000026: Second-level cache disabled
2025-10-10T10:11:11.767+09:00  INFO 8088 --- [mysite] [restartedMain] o.s.o.j.p.SpringPersistenceUnitInfo      : No LoadTimeWeaver setup: ignoring JPA class transformer
2025-10-10T10:11:11.768+09:00  INFO 8088 --- [mysite] [restartedMain] com.zaxxer.hikari.HikariDataSource       : HikariPool-2 - Starting...
2025-10-10T10:11:11.770+09:00  INFO 8088 --- [mysite] [restartedMain] com.zaxxer.hikari.pool.HikariPool        : HikariPool-2 - Added connection org.mariadb.jdbc.Connection@2de7a2eb
2025-10-10T10:11:11.771+09:00  INFO 8088 --- [mysite] [restartedMain] com.zaxxer.hikari.HikariDataSource       : HikariPool-2 - Start completed.
2025-10-10T10:11:11.771+09:00  WARN 8088 --- [mysite] [restartedMain] org.hibernate.orm.deprecation            : HHH90000025: MariaDBDialect does not need to be specified explicitly using 'hibernate.dialect' (remove the property setting and it will be selected by default)
2025-10-10T10:11:11.772+09:00  INFO 8088 --- [mysite] [restartedMain] org.hibernate.orm.connections.pooling    : HHH10001005: Database info:
	Database JDBC URL [Connecting through datasource 'HikariDataSource (HikariPool-2)']
	Database driver: undefined/unknown
	Database version: 11.4.8
	Autocommit mode: undefined/unknown
	Isolation level: undefined/unknown
	Minimum pool size: undefined/unknown
	Maximum pool size: undefined/unknown
2025-10-10T10:11:11.904+09:00  INFO 8088 --- [mysite] [restartedMain] o.h.e.t.j.p.i.JtaPlatformInitiator       : HHH000489: No JTA platform available (set 'hibernate.transaction.jta.platform' to enable JTA platform integration)
2025-10-10T10:11:11.923+09:00  INFO 8088 --- [mysite] [restartedMain] j.LocalContainerEntityManagerFactoryBean : Initialized JPA EntityManagerFactory for persistence unit 'default'
2025-10-10T10:11:12.067+09:00  WARN 8088 --- [mysite] [restartedMain] JpaBaseConfiguration$JpaWebConfiguration : spring.jpa.open-in-view is enabled by default. Therefore, database queries may be performed during view rendering. Explicitly configure spring.jpa.open-in-view to disable this warning
2025-10-10T10:11:12.114+09:00  INFO 8088 --- [mysite] [restartedMain] r$InitializeUserDetailsManagerConfigurer : Global AuthenticationManager configured with UserDetailsService bean with name customUserDetailsService
2025-10-10T10:11:12.210+09:00  INFO 8088 --- [mysite] [restartedMain] o.s.b.d.a.OptionalLiveReloadServer       : LiveReload server is running on port 35729
2025-10-10T10:11:12.215+09:00  INFO 8088 --- [mysite] [restartedMain] o.s.b.w.embedded.tomcat.TomcatWebServer  : Tomcat started on port 8080 (http) with context path '/'
2025-10-10T10:11:12.217+09:00  INFO 8088 --- [mysite] [restartedMain] com.moviesite.mysite.MysiteApplication   : Started MysiteApplication in 0.806 seconds (process running for 235.179)
2025-10-10T10:11:12.218+09:00  INFO 8088 --- [mysite] [restartedMain] .ConditionEvaluationDeltaLoggingListener : Condition evaluation unchanged
2025-10-10T10:11:26.151+09:00  INFO 8088 --- [mysite] [http-nio-8080-exec-1] o.a.c.c.C.[Tomcat].[localhost].[/]       : Initializing Spring DispatcherServlet 'dispatcherServlet'
2025-10-10T10:11:26.151+09:00  INFO 8088 --- [mysite] [http-nio-8080-exec-1] o.s.web.servlet.DispatcherServlet        : Initializing Servlet 'dispatcherServlet'
2025-10-10T10:11:26.152+09:00  INFO 8088 --- [mysite] [http-nio-8080-exec-1] o.s.web.servlet.DispatcherServlet        : Completed initialization in 1 ms
2025-10-10T10:11:26.156+09:00  WARN 8088 --- [mysite] [http-nio-8080-exec-1] .m.m.a.ExceptionHandlerExceptionResolver : Resolved [java.lang.IllegalArgumentException: When allowCredentials is true, allowedOrigins cannot contain the special value "*" since that cannot be set on the "Access-Control-Allow-Origin" response header. To allow credentials to a set of origins, list them explicitly or consider using "allowedOriginPatterns" instead.]
2025-10-10T10:11:26.158+09:00  WARN 8088 --- [mysite] [http-nio-8080-exec-2] .m.m.a.ExceptionHandlerExceptionResolver : Resolved [java.lang.IllegalArgumentException: When allowCredentials is true, allowedOrigins cannot contain the special value "*" since that cannot be set on the "Access-Control-Allow-Origin" response header. To allow credentials to a set of origins, list them explicitly or consider using "allowedOriginPatterns" instead.]
2025-10-10T10:11:26.982+09:00  WARN 8088 --- [mysite] [http-nio-8080-exec-3] .m.m.a.ExceptionHandlerExceptionResolver : Resolved [java.lang.IllegalArgumentException: When allowCredentials is true, allowedOrigins cannot contain the special value "*" since that cannot be set on the "Access-Control-Allow-Origin" response header. To allow credentials to a set of origins, list them explicitly or consider using "allowedOriginPatterns" instead.]
2025-10-10T10:11:26.985+09:00  WARN 8088 --- [mysite] [http-nio-8080-exec-4] .m.m.a.ExceptionHandlerExceptionResolver : Resolved [java.lang.IllegalArgumentException: When allowCredentials is true, allowedOrigins cannot contain the special value "*" since that cannot be set on the "Access-Control-Allow-Origin" response header. To allow credentials to a set of origins, list them explicitly or consider using "allowedOriginPatterns" instead.]
2025-10-10T10:11:29.478+09:00  WARN 8088 --- [mysite] [http-nio-8080-exec-5] .m.m.a.ExceptionHandlerExceptionResolver : Resolved [java.lang.IllegalArgumentException: When allowCredentials is true, allowedOrigins cannot contain the special value "*" since that cannot be set on the "Access-Control-Allow-Origin" response header. To allow credentials to a set of origins, list them explicitly or consider using "allowedOriginPatterns" instead.]
2025-10-10T10:11:29.480+09:00  WARN 8088 --- [mysite] [http-nio-8080-exec-6] .m.m.a.ExceptionHandlerExceptionResolver : Resolved [java.lang.IllegalArgumentException: When allowCredentials is true, allowedOrigins cannot contain the special value "*" since that cannot be set on the "Access-Control-Allow-Origin" response header. To allow credentials to a set of origins, list them explicitly or consider using "allowedOriginPatterns" instead.]
2025-10-10T10:11:38.863+09:00  WARN 8088 --- [mysite] [http-nio-8080-exec-7] .m.m.a.ExceptionHandlerExceptionResolver : Resolved [java.lang.IllegalArgumentException: When allowCredentials is true, allowedOrigins cannot contain the special value "*" since that cannot be set on the "Access-Control-Allow-Origin" response header. To allow credentials to a set of origins, list them explicitly or consider using "allowedOriginPatterns" instead.]
2025-10-10T10:11:38.865+09:00  WARN 8088 --- [mysite] [http-nio-8080-exec-8] .m.m.a.ExceptionHandlerExceptionResolver : Resolved [java.lang.IllegalArgumentException: When allowCredentials is true, allowedOrigins cannot contain the special value "*" since that cannot be set on the "Access-Control-Allow-Origin" response header. To allow credentials to a set of origins, list them explicitly or consider using "allowedOriginPatterns" instead.]
2025-10-10T10:11:38.999+09:00  WARN 8088 --- [mysite] [http-nio-8080-exec-9] .m.m.a.ExceptionHandlerExceptionResolver : Resolved [java.lang.IllegalArgumentException: When allowCredentials is true, allowedOrigins cannot contain the special value "*" since that cannot be set on the "Access-Control-Allow-Origin" response header. To allow credentials to a set of origins, list them explicitly or consider using "allowedOriginPatterns" instead.]
2025-10-10T10:11:39.001+09:00  WARN 8088 --- [mysite] [http-nio-8080-exec-10] .m.m.a.ExceptionHandlerExceptionResolver : Resolved [java.lang.IllegalArgumentException: When allowCredentials is true, allowedOrigins cannot contain the special value "*" since that cannot be set on the "Access-Control-Allow-Origin" response header. To allow credentials to a set of origins, list them explicitly or consider using "allowedOriginPatterns" instead.]
2025-10-10T10:11:39.158+09:00  WARN 8088 --- [mysite] [http-nio-8080-exec-1] .m.m.a.ExceptionHandlerExceptionResolver : Resolved [java.lang.IllegalArgumentException: When allowCredentials is true, allowedOrigins cannot contain the special value "*" since that cannot be set on the "Access-Control-Allow-Origin" response header. To allow credentials to a set of origins, list them explicitly or consider using "allowedOriginPatterns" instead.]
2025-10-10T10:11:39.160+09:00  WARN 8088 --- [mysite] [http-nio-8080-exec-2] .m.m.a.ExceptionHandlerExceptionResolver : Resolved [java.lang.IllegalArgumentException: When allowCredentials is true, allowedOrigins cannot contain the special value "*" since that cannot be set on the "Access-Control-Allow-Origin" response header. To allow credentials to a set of origins, list them explicitly or consider using "allowedOriginPatterns" instead.]
2025-10-10T10:12:09.596+09:00  INFO 8088 --- [mysite] [File Watcher] rtingClassPathChangeChangedEventListener : Restarting due to 1 class path change (0 additions, 0 deletions, 1 modification)
2025-10-10T10:12:09.597+09:00  INFO 8088 --- [mysite] [Thread-7] o.s.b.w.e.tomcat.GracefulShutdown        : Commencing graceful shutdown. Waiting for active requests to complete
2025-10-10T10:12:09.598+09:00  INFO 8088 --- [mysite] [tomcat-shutdown] o.s.b.w.e.tomcat.GracefulShutdown        : Graceful shutdown complete
2025-10-10T10:12:09.600+09:00  INFO 8088 --- [mysite] [Thread-7] j.LocalContainerEntityManagerFactoryBean : Closing JPA EntityManagerFactory for persistence unit 'default'
2025-10-10T10:12:09.600+09:00  INFO 8088 --- [mysite] [Thread-7] com.zaxxer.hikari.HikariDataSource       : HikariPool-2 - Shutdown initiated...
2025-10-10T10:12:09.601+09:00  INFO 8088 --- [mysite] [Thread-7] com.zaxxer.hikari.HikariDataSource       : HikariPool-2 - Shutdown completed.
2025-10-10T10:12:09.675+09:00  INFO 8088 --- [mysite] [restartedMain] com.moviesite.mysite.MysiteApplication   : Starting MysiteApplication using Java 21.0.8 with PID 8088 (D:\my-project\myProject_movie\mysite\bin\main started by YONSAI in D:\my-project\myProject_movie\mysite)
2025-10-10T10:12:09.675+09:00 DEBUG 8088 --- [mysite] [restartedMain] com.moviesite.mysite.MysiteApplication   : Running with Spring Boot v3.5.6, Spring v6.2.11
2025-10-10T10:12:09.675+09:00  INFO 8088 --- [mysite] [restartedMain] com.moviesite.mysite.MysiteApplication   : No active profile set, falling back to 1 default profile: "default"
2025-10-10T10:12:09.828+09:00  INFO 8088 --- [mysite] [restartedMain] .s.d.r.c.RepositoryConfigurationDelegate : Bootstrapping Spring Data JPA repositories in DEFAULT mode.
2025-10-10T10:12:09.853+09:00  INFO 8088 --- [mysite] [restartedMain] .s.d.r.c.RepositoryConfigurationDelegate : Finished Spring Data repository scanning in 24 ms. Found 14 JPA repository interfaces.
2025-10-10T10:12:09.915+09:00  INFO 8088 --- [mysite] [restartedMain] o.s.b.w.embedded.tomcat.TomcatWebServer  : Tomcat initialized with port 8080 (http)
2025-10-10T10:12:09.916+09:00  INFO 8088 --- [mysite] [restartedMain] o.apache.catalina.core.StandardService   : Starting service [Tomcat]
2025-10-10T10:12:09.916+09:00  INFO 8088 --- [mysite] [restartedMain] o.apache.catalina.core.StandardEngine    : Starting Servlet engine: [Apache Tomcat/10.1.46]
2025-10-10T10:12:09.930+09:00  INFO 8088 --- [mysite] [restartedMain] o.a.c.c.C.[Tomcat].[localhost].[/]       : Initializing Spring embedded WebApplicationContext
2025-10-10T10:12:09.930+09:00  INFO 8088 --- [mysite] [restartedMain] w.s.c.ServletWebServerApplicationContext : Root WebApplicationContext: initialization completed in 253 ms
2025-10-10T10:12:09.950+09:00  INFO 8088 --- [mysite] [restartedMain] o.hibernate.jpa.internal.util.LogHelper  : HHH000204: Processing PersistenceUnitInfo [name: default]
2025-10-10T10:12:09.952+09:00  INFO 8088 --- [mysite] [restartedMain] o.h.c.internal.RegionFactoryInitiator    : HHH000026: Second-level cache disabled
2025-10-10T10:12:09.957+09:00  INFO 8088 --- [mysite] [restartedMain] o.s.o.j.p.SpringPersistenceUnitInfo      : No LoadTimeWeaver setup: ignoring JPA class transformer
2025-10-10T10:12:09.957+09:00  INFO 8088 --- [mysite] [restartedMain] com.zaxxer.hikari.HikariDataSource       : HikariPool-3 - Starting...
2025-10-10T10:12:09.959+09:00  INFO 8088 --- [mysite] [restartedMain] com.zaxxer.hikari.pool.HikariPool        : HikariPool-3 - Added connection org.mariadb.jdbc.Connection@6bd0dabe
2025-10-10T10:12:09.959+09:00  INFO 8088 --- [mysite] [restartedMain] com.zaxxer.hikari.HikariDataSource       : HikariPool-3 - Start completed.
2025-10-10T10:12:09.960+09:00  WARN 8088 --- [mysite] [restartedMain] org.hibernate.orm.deprecation            : HHH90000025: MariaDBDialect does not need to be specified explicitly using 'hibernate.dialect' (remove the property setting and it will be selected by default)
2025-10-10T10:12:09.960+09:00  INFO 8088 --- [mysite] [restartedMain] org.hibernate.orm.connections.pooling    : HHH10001005: Database info:
	Database JDBC URL [Connecting through datasource 'HikariDataSource (HikariPool-3)']
	Database driver: undefined/unknown
	Database version: 11.4.8
	Autocommit mode: undefined/unknown
	Isolation level: undefined/unknown
	Minimum pool size: undefined/unknown
	Maximum pool size: undefined/unknown
2025-10-10T10:12:10.067+09:00  INFO 8088 --- [mysite] [restartedMain] o.h.e.t.j.p.i.JtaPlatformInitiator       : HHH000489: No JTA platform available (set 'hibernate.transaction.jta.platform' to enable JTA platform integration)
2025-10-10T10:12:10.086+09:00  INFO 8088 --- [mysite] [restartedMain] j.LocalContainerEntityManagerFactoryBean : Initialized JPA EntityManagerFactory for persistence unit 'default'
2025-10-10T10:12:10.222+09:00  WARN 8088 --- [mysite] [restartedMain] JpaBaseConfiguration$JpaWebConfiguration : spring.jpa.open-in-view is enabled by default. Therefore, database queries may be performed during view rendering. Explicitly configure spring.jpa.open-in-view to disable this warning
2025-10-10T10:12:10.265+09:00  INFO 8088 --- [mysite] [restartedMain] r$InitializeUserDetailsManagerConfigurer : Global AuthenticationManager configured with UserDetailsService bean with name customUserDetailsService
2025-10-10T10:12:10.352+09:00  INFO 8088 --- [mysite] [restartedMain] o.s.b.d.a.OptionalLiveReloadServer       : LiveReload server is running on port 35729
2025-10-10T10:12:10.357+09:00  INFO 8088 --- [mysite] [restartedMain] o.s.b.w.embedded.tomcat.TomcatWebServer  : Tomcat started on port 8080 (http) with context path '/'
2025-10-10T10:12:10.359+09:00  INFO 8088 --- [mysite] [restartedMain] com.moviesite.mysite.MysiteApplication   : Started MysiteApplication in 0.698 seconds (process running for 293.321)
2025-10-10T10:12:10.360+09:00  INFO 8088 --- [mysite] [restartedMain] .ConditionEvaluationDeltaLoggingListener : Condition evaluation unchanged
2025-10-10T10:12:15.801+09:00  INFO 8088 --- [mysite] [http-nio-8080-exec-1] o.a.c.c.C.[Tomcat].[localhost].[/]       : Initializing Spring DispatcherServlet 'dispatcherServlet'
2025-10-10T10:12:15.802+09:00  INFO 8088 --- [mysite] [http-nio-8080-exec-1] o.s.web.servlet.DispatcherServlet        : Initializing Servlet 'dispatcherServlet'
2025-10-10T10:12:15.802+09:00  INFO 8088 --- [mysite] [http-nio-8080-exec-1] o.s.web.servlet.DispatcherServlet        : Completed initialization in 0 ms
2025-10-10T10:12:15.806+09:00  WARN 8088 --- [mysite] [http-nio-8080-exec-1] .m.m.a.ExceptionHandlerExceptionResolver : Resolved [java.lang.IllegalArgumentException: When allowCredentials is true, allowedOrigins cannot contain the special value "*" since that cannot be set on the "Access-Control-Allow-Origin" response header. To allow credentials to a set of origins, list them explicitly or consider using "allowedOriginPatterns" instead.]
2025-10-10T10:12:15.808+09:00  WARN 8088 --- [mysite] [http-nio-8080-exec-2] .m.m.a.ExceptionHandlerExceptionResolver : Resolved [java.lang.IllegalArgumentException: When allowCredentials is true, allowedOrigins cannot contain the special value "*" since that cannot be set on the "Access-Control-Allow-Origin" response header. To allow credentials to a set of origins, list them explicitly or consider using "allowedOriginPatterns" instead.]
2025-10-10T10:22:09.315+09:00  WARN 8088 --- [mysite] [http-nio-8080-exec-3] .m.m.a.ExceptionHandlerExceptionResolver : Resolved [java.lang.IllegalArgumentException: When allowCredentials is true, allowedOrigins cannot contain the special value "*" since that cannot be set on the "Access-Control-Allow-Origin" response header. To allow credentials to a set of origins, list them explicitly or consider using "allowedOriginPatterns" instead.]
2025-10-10T10:22:09.317+09:00  WARN 8088 --- [mysite] [http-nio-8080-exec-4] .m.m.a.ExceptionHandlerExceptionResolver : Resolved [java.lang.IllegalArgumentException: When allowCredentials is true, allowedOrigins cannot contain the special value "*" since that cannot be set on the "Access-Control-Allow-Origin" response header. To allow credentials to a set of origins, list them explicitly or consider using "allowedOriginPatterns" instead.]
2025-10-10T10:30:19.765+09:00  INFO 8088 --- [mysite] [File Watcher] rtingClassPathChangeChangedEventListener : Restarting due to 2 class path changes (0 additions, 0 deletions, 2 modifications)
2025-10-10T10:30:19.766+09:00  INFO 8088 --- [mysite] [Thread-11] o.s.b.w.e.tomcat.GracefulShutdown        : Commencing graceful shutdown. Waiting for active requests to complete
2025-10-10T10:30:19.768+09:00  INFO 8088 --- [mysite] [tomcat-shutdown] o.s.b.w.e.tomcat.GracefulShutdown        : Graceful shutdown complete
2025-10-10T10:30:19.769+09:00  INFO 8088 --- [mysite] [Thread-11] j.LocalContainerEntityManagerFactoryBean : Closing JPA EntityManagerFactory for persistence unit 'default'
2025-10-10T10:30:19.769+09:00  INFO 8088 --- [mysite] [Thread-11] com.zaxxer.hikari.HikariDataSource       : HikariPool-3 - Shutdown initiated...
2025-10-10T10:30:19.770+09:00  INFO 8088 --- [mysite] [Thread-11] com.zaxxer.hikari.HikariDataSource       : HikariPool-3 - Shutdown completed.
2025-10-10T10:30:19.834+09:00  INFO 8088 --- [mysite] [restartedMain] com.moviesite.mysite.MysiteApplication   : Starting MysiteApplication using Java 21.0.8 with PID 8088 (D:\my-project\myProject_movie\mysite\bin\main started by YONSAI in D:\my-project\myProject_movie\mysite)
2025-10-10T10:30:19.834+09:00 DEBUG 8088 --- [mysite] [restartedMain] com.moviesite.mysite.MysiteApplication   : Running with Spring Boot v3.5.6, Spring v6.2.11
2025-10-10T10:30:19.834+09:00  INFO 8088 --- [mysite] [restartedMain] com.moviesite.mysite.MysiteApplication   : No active profile set, falling back to 1 default profile: "default"
2025-10-10T10:30:19.970+09:00  INFO 8088 --- [mysite] [restartedMain] .s.d.r.c.RepositoryConfigurationDelegate : Bootstrapping Spring Data JPA repositories in DEFAULT mode.
2025-10-10T10:30:19.990+09:00  INFO 8088 --- [mysite] [restartedMain] .s.d.r.c.RepositoryConfigurationDelegate : Finished Spring Data repository scanning in 20 ms. Found 14 JPA repository interfaces.
2025-10-10T10:30:20.046+09:00  INFO 8088 --- [mysite] [restartedMain] o.s.b.w.embedded.tomcat.TomcatWebServer  : Tomcat initialized with port 8080 (http)
2025-10-10T10:30:20.047+09:00  INFO 8088 --- [mysite] [restartedMain] o.apache.catalina.core.StandardService   : Starting service [Tomcat]
2025-10-10T10:30:20.047+09:00  INFO 8088 --- [mysite] [restartedMain] o.apache.catalina.core.StandardEngine    : Starting Servlet engine: [Apache Tomcat/10.1.46]
2025-10-10T10:30:20.059+09:00  INFO 8088 --- [mysite] [restartedMain] o.a.c.c.C.[Tomcat].[localhost].[/]       : Initializing Spring embedded WebApplicationContext
2025-10-10T10:30:20.059+09:00  INFO 8088 --- [mysite] [restartedMain] w.s.c.ServletWebServerApplicationContext : Root WebApplicationContext: initialization completed in 224 ms
2025-10-10T10:30:20.079+09:00  INFO 8088 --- [mysite] [restartedMain] o.hibernate.jpa.internal.util.LogHelper  : HHH000204: Processing PersistenceUnitInfo [name: default]
2025-10-10T10:30:20.081+09:00  INFO 8088 --- [mysite] [restartedMain] o.h.c.internal.RegionFactoryInitiator    : HHH000026: Second-level cache disabled
2025-10-10T10:30:20.085+09:00  INFO 8088 --- [mysite] [restartedMain] o.s.o.j.p.SpringPersistenceUnitInfo      : No LoadTimeWeaver setup: ignoring JPA class transformer
2025-10-10T10:30:20.086+09:00  INFO 8088 --- [mysite] [restartedMain] com.zaxxer.hikari.HikariDataSource       : HikariPool-4 - Starting...
2025-10-10T10:30:20.088+09:00  INFO 8088 --- [mysite] [restartedMain] com.zaxxer.hikari.pool.HikariPool        : HikariPool-4 - Added connection org.mariadb.jdbc.Connection@38cf612d
2025-10-10T10:30:20.089+09:00  INFO 8088 --- [mysite] [restartedMain] com.zaxxer.hikari.HikariDataSource       : HikariPool-4 - Start completed.
2025-10-10T10:30:20.089+09:00  WARN 8088 --- [mysite] [restartedMain] org.hibernate.orm.deprecation            : HHH90000025: MariaDBDialect does not need to be specified explicitly using 'hibernate.dialect' (remove the property setting and it will be selected by default)
2025-10-10T10:30:20.089+09:00  INFO 8088 --- [mysite] [restartedMain] org.hibernate.orm.connections.pooling    : HHH10001005: Database info:
	Database JDBC URL [Connecting through datasource 'HikariDataSource (HikariPool-4)']
	Database driver: undefined/unknown
	Database version: 11.4.8
	Autocommit mode: undefined/unknown
	Isolation level: undefined/unknown
	Minimum pool size: undefined/unknown
	Maximum pool size: undefined/unknown
2025-10-10T10:30:20.190+09:00  INFO 8088 --- [mysite] [restartedMain] o.h.e.t.j.p.i.JtaPlatformInitiator       : HHH000489: No JTA platform available (set 'hibernate.transaction.jta.platform' to enable JTA platform integration)
2025-10-10T10:30:20.267+09:00  INFO 8088 --- [mysite] [restartedMain] j.LocalContainerEntityManagerFactoryBean : Initialized JPA EntityManagerFactory for persistence unit 'default'
2025-10-10T10:30:20.395+09:00  WARN 8088 --- [mysite] [restartedMain] JpaBaseConfiguration$JpaWebConfiguration : spring.jpa.open-in-view is enabled by default. Therefore, database queries may be performed during view rendering. Explicitly configure spring.jpa.open-in-view to disable this warning
2025-10-10T10:30:20.435+09:00  INFO 8088 --- [mysite] [restartedMain] r$InitializeUserDetailsManagerConfigurer : Global AuthenticationManager configured with UserDetailsService bean with name customUserDetailsService
2025-10-10T10:30:20.515+09:00  INFO 8088 --- [mysite] [restartedMain] o.s.b.d.a.OptionalLiveReloadServer       : LiveReload server is running on port 35729
2025-10-10T10:30:20.520+09:00  INFO 8088 --- [mysite] [restartedMain] o.s.b.w.embedded.tomcat.TomcatWebServer  : Tomcat started on port 8080 (http) with context path '/'
2025-10-10T10:30:20.521+09:00  INFO 8088 --- [mysite] [restartedMain] com.moviesite.mysite.MysiteApplication   : Started MysiteApplication in 0.7 seconds (process running for 1383.483)
2025-10-10T10:30:20.522+09:00  INFO 8088 --- [mysite] [restartedMain] .ConditionEvaluationDeltaLoggingListener : Condition evaluation unchanged
2025-10-10T10:30:56.609+09:00  INFO 8088 --- [mysite] [File Watcher] rtingClassPathChangeChangedEventListener : Restarting due to 2 class path changes (0 additions, 0 deletions, 2 modifications)
2025-10-10T10:30:56.610+09:00  INFO 8088 --- [mysite] [Thread-15] o.s.b.w.e.tomcat.GracefulShutdown        : Commencing graceful shutdown. Waiting for active requests to complete
2025-10-10T10:30:56.611+09:00  INFO 8088 --- [mysite] [tomcat-shutdown] o.s.b.w.e.tomcat.GracefulShutdown        : Graceful shutdown complete
2025-10-10T10:30:56.612+09:00  INFO 8088 --- [mysite] [Thread-15] j.LocalContainerEntityManagerFactoryBean : Closing JPA EntityManagerFactory for persistence unit 'default'
2025-10-10T10:30:56.613+09:00  INFO 8088 --- [mysite] [Thread-15] com.zaxxer.hikari.HikariDataSource       : HikariPool-4 - Shutdown initiated...
2025-10-10T10:30:56.614+09:00  INFO 8088 --- [mysite] [Thread-15] com.zaxxer.hikari.HikariDataSource       : HikariPool-4 - Shutdown completed.
2025-10-10T10:30:56.677+09:00  INFO 8088 --- [mysite] [restartedMain] com.moviesite.mysite.MysiteApplication   : Starting MysiteApplication using Java 21.0.8 with PID 8088 (D:\my-project\myProject_movie\mysite\bin\main started by YONSAI in D:\my-project\myProject_movie\mysite)
2025-10-10T10:30:56.678+09:00 DEBUG 8088 --- [mysite] [restartedMain] com.moviesite.mysite.MysiteApplication   : Running with Spring Boot v3.5.6, Spring v6.2.11
2025-10-10T10:30:56.678+09:00  INFO 8088 --- [mysite] [restartedMain] com.moviesite.mysite.MysiteApplication   : No active profile set, falling back to 1 default profile: "default"
2025-10-10T10:30:56.809+09:00  INFO 8088 --- [mysite] [restartedMain] .s.d.r.c.RepositoryConfigurationDelegate : Bootstrapping Spring Data JPA repositories in DEFAULT mode.
2025-10-10T10:30:56.831+09:00  INFO 8088 --- [mysite] [restartedMain] .s.d.r.c.RepositoryConfigurationDelegate : Finished Spring Data repository scanning in 21 ms. Found 14 JPA repository interfaces.
2025-10-10T10:30:56.887+09:00  INFO 8088 --- [mysite] [restartedMain] o.s.b.w.embedded.tomcat.TomcatWebServer  : Tomcat initialized with port 8080 (http)
2025-10-10T10:30:56.887+09:00  INFO 8088 --- [mysite] [restartedMain] o.apache.catalina.core.StandardService   : Starting service [Tomcat]
2025-10-10T10:30:56.887+09:00  INFO 8088 --- [mysite] [restartedMain] o.apache.catalina.core.StandardEngine    : Starting Servlet engine: [Apache Tomcat/10.1.46]
2025-10-10T10:30:56.899+09:00  INFO 8088 --- [mysite] [restartedMain] o.a.c.c.C.[Tomcat].[localhost].[/]       : Initializing Spring embedded WebApplicationContext
2025-10-10T10:30:56.899+09:00  INFO 8088 --- [mysite] [restartedMain] w.s.c.ServletWebServerApplicationContext : Root WebApplicationContext: initialization completed in 220 ms
2025-10-10T10:30:56.918+09:00  INFO 8088 --- [mysite] [restartedMain] o.hibernate.jpa.internal.util.LogHelper  : HHH000204: Processing PersistenceUnitInfo [name: default]
2025-10-10T10:30:56.919+09:00  INFO 8088 --- [mysite] [restartedMain] o.h.c.internal.RegionFactoryInitiator    : HHH000026: Second-level cache disabled
2025-10-10T10:30:56.924+09:00  INFO 8088 --- [mysite] [restartedMain] o.s.o.j.p.SpringPersistenceUnitInfo      : No LoadTimeWeaver setup: ignoring JPA class transformer
2025-10-10T10:30:56.924+09:00  INFO 8088 --- [mysite] [restartedMain] com.zaxxer.hikari.HikariDataSource       : HikariPool-5 - Starting...
2025-10-10T10:30:56.926+09:00  INFO 8088 --- [mysite] [restartedMain] com.zaxxer.hikari.pool.HikariPool        : HikariPool-5 - Added connection org.mariadb.jdbc.Connection@23be0d6a
2025-10-10T10:30:56.926+09:00  INFO 8088 --- [mysite] [restartedMain] com.zaxxer.hikari.HikariDataSource       : HikariPool-5 - Start completed.
2025-10-10T10:30:56.927+09:00  WARN 8088 --- [mysite] [restartedMain] org.hibernate.orm.deprecation            : HHH90000025: MariaDBDialect does not need to be specified explicitly using 'hibernate.dialect' (remove the property setting and it will be selected by default)
2025-10-10T10:30:56.927+09:00  INFO 8088 --- [mysite] [restartedMain] org.hibernate.orm.connections.pooling    : HHH10001005: Database info:
	Database JDBC URL [Connecting through datasource 'HikariDataSource (HikariPool-5)']
	Database driver: undefined/unknown
	Database version: 11.4.8
	Autocommit mode: undefined/unknown
	Isolation level: undefined/unknown
	Minimum pool size: undefined/unknown
	Maximum pool size: undefined/unknown
2025-10-10T10:30:57.025+09:00  INFO 8088 --- [mysite] [restartedMain] o.h.e.t.j.p.i.JtaPlatformInitiator       : HHH000489: No JTA platform available (set 'hibernate.transaction.jta.platform' to enable JTA platform integration)
2025-10-10T10:30:57.043+09:00  INFO 8088 --- [mysite] [restartedMain] j.LocalContainerEntityManagerFactoryBean : Initialized JPA EntityManagerFactory for persistence unit 'default'
2025-10-10T10:30:57.163+09:00  WARN 8088 --- [mysite] [restartedMain] JpaBaseConfiguration$JpaWebConfiguration : spring.jpa.open-in-view is enabled by default. Therefore, database queries may be performed during view rendering. Explicitly configure spring.jpa.open-in-view to disable this warning
2025-10-10T10:30:57.205+09:00  INFO 8088 --- [mysite] [restartedMain] r$InitializeUserDetailsManagerConfigurer : Global AuthenticationManager configured with UserDetailsService bean with name customUserDetailsService
2025-10-10T10:30:57.282+09:00  INFO 8088 --- [mysite] [restartedMain] o.s.b.d.a.OptionalLiveReloadServer       : LiveReload server is running on port 35729
2025-10-10T10:30:57.287+09:00  INFO 8088 --- [mysite] [restartedMain] o.s.b.w.embedded.tomcat.TomcatWebServer  : Tomcat started on port 8080 (http) with context path '/'
2025-10-10T10:30:57.288+09:00  INFO 8088 --- [mysite] [restartedMain] com.moviesite.mysite.MysiteApplication   : Started MysiteApplication in 0.623 seconds (process running for 1420.249)
2025-10-10T10:30:57.288+09:00  INFO 8088 --- [mysite] [restartedMain] .ConditionEvaluationDeltaLoggingListener : Condition evaluation unchanged
2025-10-10T10:31:24.147+09:00  INFO 8088 --- [mysite] [File Watcher] rtingClassPathChangeChangedEventListener : Restarting due to 2 class path changes (0 additions, 0 deletions, 2 modifications)
2025-10-10T10:31:24.148+09:00  INFO 8088 --- [mysite] [Thread-19] o.s.b.w.e.tomcat.GracefulShutdown        : Commencing graceful shutdown. Waiting for active requests to complete
2025-10-10T10:31:24.149+09:00  INFO 8088 --- [mysite] [tomcat-shutdown] o.s.b.w.e.tomcat.GracefulShutdown        : Graceful shutdown complete
2025-10-10T10:31:24.151+09:00  INFO 8088 --- [mysite] [Thread-19] j.LocalContainerEntityManagerFactoryBean : Closing JPA EntityManagerFactory for persistence unit 'default'
2025-10-10T10:31:24.151+09:00  INFO 8088 --- [mysite] [Thread-19] com.zaxxer.hikari.HikariDataSource       : HikariPool-5 - Shutdown initiated...
2025-10-10T10:31:24.152+09:00  INFO 8088 --- [mysite] [Thread-19] com.zaxxer.hikari.HikariDataSource       : HikariPool-5 - Shutdown completed.
2025-10-10T10:31:24.221+09:00  INFO 8088 --- [mysite] [restartedMain] com.moviesite.mysite.MysiteApplication   : Starting MysiteApplication using Java 21.0.8 with PID 8088 (D:\my-project\myProject_movie\mysite\bin\main started by YONSAI in D:\my-project\myProject_movie\mysite)
2025-10-10T10:31:24.221+09:00 DEBUG 8088 --- [mysite] [restartedMain] com.moviesite.mysite.MysiteApplication   : Running with Spring Boot v3.5.6, Spring v6.2.11
2025-10-10T10:31:24.221+09:00  INFO 8088 --- [mysite] [restartedMain] com.moviesite.mysite.MysiteApplication   : No active profile set, falling back to 1 default profile: "default"
2025-10-10T10:31:24.347+09:00  INFO 8088 --- [mysite] [restartedMain] .s.d.r.c.RepositoryConfigurationDelegate : Bootstrapping Spring Data JPA repositories in DEFAULT mode.
2025-10-10T10:31:24.369+09:00  INFO 8088 --- [mysite] [restartedMain] .s.d.r.c.RepositoryConfigurationDelegate : Finished Spring Data repository scanning in 21 ms. Found 14 JPA repository interfaces.
2025-10-10T10:31:24.420+09:00  INFO 8088 --- [mysite] [restartedMain] o.s.b.w.embedded.tomcat.TomcatWebServer  : Tomcat initialized with port 8080 (http)
2025-10-10T10:31:24.421+09:00  INFO 8088 --- [mysite] [restartedMain] o.apache.catalina.core.StandardService   : Starting service [Tomcat]
2025-10-10T10:31:24.421+09:00  INFO 8088 --- [mysite] [restartedMain] o.apache.catalina.core.StandardEngine    : Starting Servlet engine: [Apache Tomcat/10.1.46]
2025-10-10T10:31:24.432+09:00  INFO 8088 --- [mysite] [restartedMain] o.a.c.c.C.[Tomcat].[localhost].[/]       : Initializing Spring embedded WebApplicationContext
2025-10-10T10:31:24.432+09:00  INFO 8088 --- [mysite] [restartedMain] w.s.c.ServletWebServerApplicationContext : Root WebApplicationContext: initialization completed in 210 ms
2025-10-10T10:31:24.450+09:00  INFO 8088 --- [mysite] [restartedMain] o.hibernate.jpa.internal.util.LogHelper  : HHH000204: Processing PersistenceUnitInfo [name: default]
2025-10-10T10:31:24.451+09:00  INFO 8088 --- [mysite] [restartedMain] o.h.c.internal.RegionFactoryInitiator    : HHH000026: Second-level cache disabled
2025-10-10T10:31:24.456+09:00  INFO 8088 --- [mysite] [restartedMain] o.s.o.j.p.SpringPersistenceUnitInfo      : No LoadTimeWeaver setup: ignoring JPA class transformer
2025-10-10T10:31:24.456+09:00  INFO 8088 --- [mysite] [restartedMain] com.zaxxer.hikari.HikariDataSource       : HikariPool-6 - Starting...
2025-10-10T10:31:24.458+09:00  INFO 8088 --- [mysite] [restartedMain] com.zaxxer.hikari.pool.HikariPool        : HikariPool-6 - Added connection org.mariadb.jdbc.Connection@2a3f02d6
2025-10-10T10:31:24.458+09:00  INFO 8088 --- [mysite] [restartedMain] com.zaxxer.hikari.HikariDataSource       : HikariPool-6 - Start completed.
2025-10-10T10:31:24.458+09:00  WARN 8088 --- [mysite] [restartedMain] org.hibernate.orm.deprecation            : HHH90000025: MariaDBDialect does not need to be specified explicitly using 'hibernate.dialect' (remove the property setting and it will be selected by default)
2025-10-10T10:31:24.459+09:00  INFO 8088 --- [mysite] [restartedMain] org.hibernate.orm.connections.pooling    : HHH10001005: Database info:
	Database JDBC URL [Connecting through datasource 'HikariDataSource (HikariPool-6)']
	Database driver: undefined/unknown
	Database version: 11.4.8
	Autocommit mode: undefined/unknown
	Isolation level: undefined/unknown
	Minimum pool size: undefined/unknown
	Maximum pool size: undefined/unknown
2025-10-10T10:31:24.543+09:00  INFO 8088 --- [mysite] [restartedMain] o.h.e.t.j.p.i.JtaPlatformInitiator       : HHH000489: No JTA platform available (set 'hibernate.transaction.jta.platform' to enable JTA platform integration)
2025-10-10T10:31:24.561+09:00  INFO 8088 --- [mysite] [restartedMain] j.LocalContainerEntityManagerFactoryBean : Initialized JPA EntityManagerFactory for persistence unit 'default'
2025-10-10T10:31:24.676+09:00  WARN 8088 --- [mysite] [restartedMain] JpaBaseConfiguration$JpaWebConfiguration : spring.jpa.open-in-view is enabled by default. Therefore, database queries may be performed during view rendering. Explicitly configure spring.jpa.open-in-view to disable this warning
2025-10-10T10:31:24.710+09:00  INFO 8088 --- [mysite] [restartedMain] r$InitializeUserDetailsManagerConfigurer : Global AuthenticationManager configured with UserDetailsService bean with name customUserDetailsService
2025-10-10T10:31:24.784+09:00  INFO 8088 --- [mysite] [restartedMain] o.s.b.d.a.OptionalLiveReloadServer       : LiveReload server is running on port 35729
2025-10-10T10:31:24.790+09:00  INFO 8088 --- [mysite] [restartedMain] o.s.b.w.embedded.tomcat.TomcatWebServer  : Tomcat started on port 8080 (http) with context path '/'
2025-10-10T10:31:24.791+09:00  INFO 8088 --- [mysite] [restartedMain] com.moviesite.mysite.MysiteApplication   : Started MysiteApplication in 0.582 seconds (process running for 1447.753)
2025-10-10T10:31:24.792+09:00  INFO 8088 --- [mysite] [restartedMain] .ConditionEvaluationDeltaLoggingListener : Condition evaluation unchanged
2025-10-10T10:41:11.813+09:00  INFO 8088 --- [mysite] [File Watcher] rtingClassPathChangeChangedEventListener : Restarting due to 1 class path change (0 additions, 0 deletions, 1 modification)
2025-10-10T10:41:11.814+09:00  INFO 8088 --- [mysite] [Thread-23] o.s.b.w.e.tomcat.GracefulShutdown        : Commencing graceful shutdown. Waiting for active requests to complete
2025-10-10T10:41:11.815+09:00  INFO 8088 --- [mysite] [tomcat-shutdown] o.s.b.w.e.tomcat.GracefulShutdown        : Graceful shutdown complete
2025-10-10T10:41:11.816+09:00  INFO 8088 --- [mysite] [Thread-23] j.LocalContainerEntityManagerFactoryBean : Closing JPA EntityManagerFactory for persistence unit 'default'
2025-10-10T10:41:11.817+09:00  INFO 8088 --- [mysite] [Thread-23] com.zaxxer.hikari.HikariDataSource       : HikariPool-6 - Shutdown initiated...
2025-10-10T10:41:11.817+09:00  INFO 8088 --- [mysite] [Thread-23] com.zaxxer.hikari.HikariDataSource       : HikariPool-6 - Shutdown completed.
2025-10-10T10:41:11.881+09:00  INFO 8088 --- [mysite] [restartedMain] com.moviesite.mysite.MysiteApplication   : Starting MysiteApplication using Java 21.0.8 with PID 8088 (D:\my-project\myProject_movie\mysite\bin\main started by YONSAI in D:\my-project\myProject_movie\mysite)
2025-10-10T10:41:11.881+09:00 DEBUG 8088 --- [mysite] [restartedMain] com.moviesite.mysite.MysiteApplication   : Running with Spring Boot v3.5.6, Spring v6.2.11
2025-10-10T10:41:11.881+09:00  INFO 8088 --- [mysite] [restartedMain] com.moviesite.mysite.MysiteApplication   : No active profile set, falling back to 1 default profile: "default"
2025-10-10T10:41:12.001+09:00  INFO 8088 --- [mysite] [restartedMain] .s.d.r.c.RepositoryConfigurationDelegate : Bootstrapping Spring Data JPA repositories in DEFAULT mode.
2025-10-10T10:41:12.021+09:00  INFO 8088 --- [mysite] [restartedMain] .s.d.r.c.RepositoryConfigurationDelegate : Finished Spring Data repository scanning in 19 ms. Found 14 JPA repository interfaces.
2025-10-10T10:41:12.069+09:00  INFO 8088 --- [mysite] [restartedMain] o.s.b.w.embedded.tomcat.TomcatWebServer  : Tomcat initialized with port 8080 (http)
2025-10-10T10:41:12.070+09:00  INFO 8088 --- [mysite] [restartedMain] o.apache.catalina.core.StandardService   : Starting service [Tomcat]
2025-10-10T10:41:12.070+09:00  INFO 8088 --- [mysite] [restartedMain] o.apache.catalina.core.StandardEngine    : Starting Servlet engine: [Apache Tomcat/10.1.46]
2025-10-10T10:41:12.081+09:00  INFO 8088 --- [mysite] [restartedMain] o.a.c.c.C.[Tomcat].[localhost].[/]       : Initializing Spring embedded WebApplicationContext
2025-10-10T10:41:12.081+09:00  INFO 8088 --- [mysite] [restartedMain] w.s.c.ServletWebServerApplicationContext : Root WebApplicationContext: initialization completed in 199 ms
2025-10-10T10:41:12.098+09:00  INFO 8088 --- [mysite] [restartedMain] o.hibernate.jpa.internal.util.LogHelper  : HHH000204: Processing PersistenceUnitInfo [name: default]
2025-10-10T10:41:12.100+09:00  INFO 8088 --- [mysite] [restartedMain] o.h.c.internal.RegionFactoryInitiator    : HHH000026: Second-level cache disabled
2025-10-10T10:41:12.104+09:00  INFO 8088 --- [mysite] [restartedMain] o.s.o.j.p.SpringPersistenceUnitInfo      : No LoadTimeWeaver setup: ignoring JPA class transformer
2025-10-10T10:41:12.105+09:00  INFO 8088 --- [mysite] [restartedMain] com.zaxxer.hikari.HikariDataSource       : HikariPool-7 - Starting...
2025-10-10T10:41:12.107+09:00  INFO 8088 --- [mysite] [restartedMain] com.zaxxer.hikari.pool.HikariPool        : HikariPool-7 - Added connection org.mariadb.jdbc.Connection@6a287daa
2025-10-10T10:41:12.107+09:00  INFO 8088 --- [mysite] [restartedMain] com.zaxxer.hikari.HikariDataSource       : HikariPool-7 - Start completed.
2025-10-10T10:41:12.107+09:00  WARN 8088 --- [mysite] [restartedMain] org.hibernate.orm.deprecation            : HHH90000025: MariaDBDialect does not need to be specified explicitly using 'hibernate.dialect' (remove the property setting and it will be selected by default)
2025-10-10T10:41:12.107+09:00  INFO 8088 --- [mysite] [restartedMain] org.hibernate.orm.connections.pooling    : HHH10001005: Database info:
	Database JDBC URL [Connecting through datasource 'HikariDataSource (HikariPool-7)']
	Database driver: undefined/unknown
	Database version: 11.4.8
	Autocommit mode: undefined/unknown
	Isolation level: undefined/unknown
	Minimum pool size: undefined/unknown
	Maximum pool size: undefined/unknown
2025-10-10T10:41:12.189+09:00  INFO 8088 --- [mysite] [restartedMain] o.h.e.t.j.p.i.JtaPlatformInitiator       : HHH000489: No JTA platform available (set 'hibernate.transaction.jta.platform' to enable JTA platform integration)
2025-10-10T10:41:12.342+09:00  INFO 8088 --- [mysite] [restartedMain] j.LocalContainerEntityManagerFactoryBean : Initialized JPA EntityManagerFactory for persistence unit 'default'
2025-10-10T10:41:12.449+09:00  WARN 8088 --- [mysite] [restartedMain] JpaBaseConfiguration$JpaWebConfiguration : spring.jpa.open-in-view is enabled by default. Therefore, database queries may be performed during view rendering. Explicitly configure spring.jpa.open-in-view to disable this warning
2025-10-10T10:41:12.486+09:00  INFO 8088 --- [mysite] [restartedMain] r$InitializeUserDetailsManagerConfigurer : Global AuthenticationManager configured with UserDetailsService bean with name customUserDetailsService
2025-10-10T10:41:12.558+09:00  INFO 8088 --- [mysite] [restartedMain] o.s.b.d.a.OptionalLiveReloadServer       : LiveReload server is running on port 35729
2025-10-10T10:41:12.562+09:00  INFO 8088 --- [mysite] [restartedMain] o.s.b.w.embedded.tomcat.TomcatWebServer  : Tomcat started on port 8080 (http) with context path '/'
2025-10-10T10:41:12.563+09:00  INFO 8088 --- [mysite] [restartedMain] com.moviesite.mysite.MysiteApplication   : Started MysiteApplication in 0.693 seconds (process running for 2035.525)
2025-10-10T10:41:12.563+09:00  INFO 8088 --- [mysite] [restartedMain] .ConditionEvaluationDeltaLoggingListener : Condition evaluation unchanged
2025-10-10T10:44:43.670+09:00  INFO 8088 --- [mysite] [File Watcher] rtingClassPathChangeChangedEventListener : Restarting due to 1 class path change (0 additions, 0 deletions, 1 modification)
2025-10-10T10:44:43.670+09:00  INFO 8088 --- [mysite] [Thread-27] o.s.b.w.e.tomcat.GracefulShutdown        : Commencing graceful shutdown. Waiting for active requests to complete
2025-10-10T10:44:43.672+09:00  INFO 8088 --- [mysite] [tomcat-shutdown] o.s.b.w.e.tomcat.GracefulShutdown        : Graceful shutdown complete
2025-10-10T10:44:43.673+09:00  INFO 8088 --- [mysite] [Thread-27] j.LocalContainerEntityManagerFactoryBean : Closing JPA EntityManagerFactory for persistence unit 'default'
2025-10-10T10:44:43.673+09:00  INFO 8088 --- [mysite] [Thread-27] com.zaxxer.hikari.HikariDataSource       : HikariPool-7 - Shutdown initiated...
2025-10-10T10:44:43.674+09:00  INFO 8088 --- [mysite] [Thread-27] com.zaxxer.hikari.HikariDataSource       : HikariPool-7 - Shutdown completed.
2025-10-10T10:44:43.744+09:00  INFO 8088 --- [mysite] [restartedMain] com.moviesite.mysite.MysiteApplication   : Starting MysiteApplication using Java 21.0.8 with PID 8088 (D:\my-project\myProject_movie\mysite\bin\main started by YONSAI in D:\my-project\myProject_movie\mysite)
2025-10-10T10:44:43.744+09:00 DEBUG 8088 --- [mysite] [restartedMain] com.moviesite.mysite.MysiteApplication   : Running with Spring Boot v3.5.6, Spring v6.2.11
2025-10-10T10:44:43.745+09:00  INFO 8088 --- [mysite] [restartedMain] com.moviesite.mysite.MysiteApplication   : No active profile set, falling back to 1 default profile: "default"
2025-10-10T10:44:43.860+09:00  INFO 8088 --- [mysite] [restartedMain] .s.d.r.c.RepositoryConfigurationDelegate : Bootstrapping Spring Data JPA repositories in DEFAULT mode.
2025-10-10T10:44:43.880+09:00  INFO 8088 --- [mysite] [restartedMain] .s.d.r.c.RepositoryConfigurationDelegate : Finished Spring Data repository scanning in 18 ms. Found 14 JPA repository interfaces.
2025-10-10T10:44:43.929+09:00  INFO 8088 --- [mysite] [restartedMain] o.s.b.w.embedded.tomcat.TomcatWebServer  : Tomcat initialized with port 8080 (http)
2025-10-10T10:44:43.930+09:00  INFO 8088 --- [mysite] [restartedMain] o.apache.catalina.core.StandardService   : Starting service [Tomcat]
2025-10-10T10:44:43.930+09:00  INFO 8088 --- [mysite] [restartedMain] o.apache.catalina.core.StandardEngine    : Starting Servlet engine: [Apache Tomcat/10.1.46]
2025-10-10T10:44:43.942+09:00  INFO 8088 --- [mysite] [restartedMain] o.a.c.c.C.[Tomcat].[localhost].[/]       : Initializing Spring embedded WebApplicationContext
2025-10-10T10:44:43.942+09:00  INFO 8088 --- [mysite] [restartedMain] w.s.c.ServletWebServerApplicationContext : Root WebApplicationContext: initialization completed in 196 ms
2025-10-10T10:44:43.959+09:00  INFO 8088 --- [mysite] [restartedMain] o.hibernate.jpa.internal.util.LogHelper  : HHH000204: Processing PersistenceUnitInfo [name: default]
2025-10-10T10:44:43.961+09:00  INFO 8088 --- [mysite] [restartedMain] o.h.c.internal.RegionFactoryInitiator    : HHH000026: Second-level cache disabled
2025-10-10T10:44:43.966+09:00  INFO 8088 --- [mysite] [restartedMain] o.s.o.j.p.SpringPersistenceUnitInfo      : No LoadTimeWeaver setup: ignoring JPA class transformer
2025-10-10T10:44:43.966+09:00  INFO 8088 --- [mysite] [restartedMain] com.zaxxer.hikari.HikariDataSource       : HikariPool-8 - Starting...
2025-10-10T10:44:43.968+09:00  INFO 8088 --- [mysite] [restartedMain] com.zaxxer.hikari.pool.HikariPool        : HikariPool-8 - Added connection org.mariadb.jdbc.Connection@5e206336
2025-10-10T10:44:43.968+09:00  INFO 8088 --- [mysite] [restartedMain] com.zaxxer.hikari.HikariDataSource       : HikariPool-8 - Start completed.
2025-10-10T10:44:43.969+09:00  WARN 8088 --- [mysite] [restartedMain] org.hibernate.orm.deprecation            : HHH90000025: MariaDBDialect does not need to be specified explicitly using 'hibernate.dialect' (remove the property setting and it will be selected by default)
2025-10-10T10:44:43.969+09:00  INFO 8088 --- [mysite] [restartedMain] org.hibernate.orm.connections.pooling    : HHH10001005: Database info:
	Database JDBC URL [Connecting through datasource 'HikariDataSource (HikariPool-8)']
	Database driver: undefined/unknown
	Database version: 11.4.8
	Autocommit mode: undefined/unknown
	Isolation level: undefined/unknown
	Minimum pool size: undefined/unknown
	Maximum pool size: undefined/unknown
2025-10-10T10:44:44.052+09:00  INFO 8088 --- [mysite] [restartedMain] o.h.e.t.j.p.i.JtaPlatformInitiator       : HHH000489: No JTA platform available (set 'hibernate.transaction.jta.platform' to enable JTA platform integration)
2025-10-10T10:44:44.070+09:00  INFO 8088 --- [mysite] [restartedMain] j.LocalContainerEntityManagerFactoryBean : Initialized JPA EntityManagerFactory for persistence unit 'default'
2025-10-10T10:44:44.179+09:00  WARN 8088 --- [mysite] [restartedMain] JpaBaseConfiguration$JpaWebConfiguration : spring.jpa.open-in-view is enabled by default. Therefore, database queries may be performed during view rendering. Explicitly configure spring.jpa.open-in-view to disable this warning
2025-10-10T10:44:44.214+09:00  INFO 8088 --- [mysite] [restartedMain] r$InitializeUserDetailsManagerConfigurer : Global AuthenticationManager configured with UserDetailsService bean with name customUserDetailsService
2025-10-10T10:44:44.289+09:00  INFO 8088 --- [mysite] [restartedMain] o.s.b.d.a.OptionalLiveReloadServer       : LiveReload server is running on port 35729
2025-10-10T10:44:44.293+09:00  INFO 8088 --- [mysite] [restartedMain] o.s.b.w.embedded.tomcat.TomcatWebServer  : Tomcat started on port 8080 (http) with context path '/'
2025-10-10T10:44:44.295+09:00  INFO 8088 --- [mysite] [restartedMain] com.moviesite.mysite.MysiteApplication   : Started MysiteApplication in 0.562 seconds (process running for 2247.257)
2025-10-10T10:44:44.295+09:00  INFO 8088 --- [mysite] [restartedMain] .ConditionEvaluationDeltaLoggingListener : Condition evaluation unchanged
2025-10-10T10:49:11.131+09:00  INFO 8088 --- [mysite] [File Watcher] rtingClassPathChangeChangedEventListener : Restarting due to 1 class path change (0 additions, 0 deletions, 1 modification)
2025-10-10T10:49:11.132+09:00  INFO 8088 --- [mysite] [Thread-31] o.s.b.w.e.tomcat.GracefulShutdown        : Commencing graceful shutdown. Waiting for active requests to complete
2025-10-10T10:49:11.133+09:00  INFO 8088 --- [mysite] [tomcat-shutdown] o.s.b.w.e.tomcat.GracefulShutdown        : Graceful shutdown complete
2025-10-10T10:49:11.134+09:00  INFO 8088 --- [mysite] [Thread-31] j.LocalContainerEntityManagerFactoryBean : Closing JPA EntityManagerFactory for persistence unit 'default'
2025-10-10T10:49:11.135+09:00  INFO 8088 --- [mysite] [Thread-31] com.zaxxer.hikari.HikariDataSource       : HikariPool-8 - Shutdown initiated...
2025-10-10T10:49:11.135+09:00  INFO 8088 --- [mysite] [Thread-31] com.zaxxer.hikari.HikariDataSource       : HikariPool-8 - Shutdown completed.
2025-10-10T10:49:11.200+09:00  INFO 8088 --- [mysite] [restartedMain] com.moviesite.mysite.MysiteApplication   : Starting MysiteApplication using Java 21.0.8 with PID 8088 (D:\my-project\myProject_movie\mysite\bin\main started by YONSAI in D:\my-project\myProject_movie\mysite)
2025-10-10T10:49:11.200+09:00 DEBUG 8088 --- [mysite] [restartedMain] com.moviesite.mysite.MysiteApplication   : Running with Spring Boot v3.5.6, Spring v6.2.11
2025-10-10T10:49:11.200+09:00  INFO 8088 --- [mysite] [restartedMain] com.moviesite.mysite.MysiteApplication   : No active profile set, falling back to 1 default profile: "default"
2025-10-10T10:49:11.315+09:00  INFO 8088 --- [mysite] [restartedMain] .s.d.r.c.RepositoryConfigurationDelegate : Bootstrapping Spring Data JPA repositories in DEFAULT mode.
2025-10-10T10:49:11.335+09:00  INFO 8088 --- [mysite] [restartedMain] .s.d.r.c.RepositoryConfigurationDelegate : Finished Spring Data repository scanning in 19 ms. Found 14 JPA repository interfaces.
2025-10-10T10:49:11.382+09:00  INFO 8088 --- [mysite] [restartedMain] o.s.b.w.embedded.tomcat.TomcatWebServer  : Tomcat initialized with port 8080 (http)
2025-10-10T10:49:11.382+09:00  INFO 8088 --- [mysite] [restartedMain] o.apache.catalina.core.StandardService   : Starting service [Tomcat]
2025-10-10T10:49:11.382+09:00  INFO 8088 --- [mysite] [restartedMain] o.apache.catalina.core.StandardEngine    : Starting Servlet engine: [Apache Tomcat/10.1.46]
2025-10-10T10:49:11.393+09:00  INFO 8088 --- [mysite] [restartedMain] o.a.c.c.C.[Tomcat].[localhost].[/]       : Initializing Spring embedded WebApplicationContext
2025-10-10T10:49:11.393+09:00  INFO 8088 --- [mysite] [restartedMain] w.s.c.ServletWebServerApplicationContext : Root WebApplicationContext: initialization completed in 192 ms
2025-10-10T10:49:11.410+09:00  INFO 8088 --- [mysite] [restartedMain] o.hibernate.jpa.internal.util.LogHelper  : HHH000204: Processing PersistenceUnitInfo [name: default]
2025-10-10T10:49:11.411+09:00  INFO 8088 --- [mysite] [restartedMain] o.h.c.internal.RegionFactoryInitiator    : HHH000026: Second-level cache disabled
2025-10-10T10:49:11.415+09:00  INFO 8088 --- [mysite] [restartedMain] o.s.o.j.p.SpringPersistenceUnitInfo      : No LoadTimeWeaver setup: ignoring JPA class transformer
2025-10-10T10:49:11.416+09:00  INFO 8088 --- [mysite] [restartedMain] com.zaxxer.hikari.HikariDataSource       : HikariPool-9 - Starting...
2025-10-10T10:49:11.418+09:00  INFO 8088 --- [mysite] [restartedMain] com.zaxxer.hikari.pool.HikariPool        : HikariPool-9 - Added connection org.mariadb.jdbc.Connection@1083dd30
2025-10-10T10:49:11.418+09:00  INFO 8088 --- [mysite] [restartedMain] com.zaxxer.hikari.HikariDataSource       : HikariPool-9 - Start completed.
2025-10-10T10:49:11.418+09:00  WARN 8088 --- [mysite] [restartedMain] org.hibernate.orm.deprecation            : HHH90000025: MariaDBDialect does not need to be specified explicitly using 'hibernate.dialect' (remove the property setting and it will be selected by default)
2025-10-10T10:49:11.419+09:00  INFO 8088 --- [mysite] [restartedMain] org.hibernate.orm.connections.pooling    : HHH10001005: Database info:
	Database JDBC URL [Connecting through datasource 'HikariDataSource (HikariPool-9)']
	Database driver: undefined/unknown
	Database version: 11.4.8
	Autocommit mode: undefined/unknown
	Isolation level: undefined/unknown
	Minimum pool size: undefined/unknown
	Maximum pool size: undefined/unknown
2025-10-10T10:49:11.497+09:00  INFO 8088 --- [mysite] [restartedMain] o.h.e.t.j.p.i.JtaPlatformInitiator       : HHH000489: No JTA platform available (set 'hibernate.transaction.jta.platform' to enable JTA platform integration)
2025-10-10T10:49:11.515+09:00  INFO 8088 --- [mysite] [restartedMain] j.LocalContainerEntityManagerFactoryBean : Initialized JPA EntityManagerFactory for persistence unit 'default'
2025-10-10T10:49:11.626+09:00  WARN 8088 --- [mysite] [restartedMain] JpaBaseConfiguration$JpaWebConfiguration : spring.jpa.open-in-view is enabled by default. Therefore, database queries may be performed during view rendering. Explicitly configure spring.jpa.open-in-view to disable this warning
2025-10-10T10:49:11.661+09:00  INFO 8088 --- [mysite] [restartedMain] r$InitializeUserDetailsManagerConfigurer : Global AuthenticationManager configured with UserDetailsService bean with name customUserDetailsService
2025-10-10T10:49:11.733+09:00  INFO 8088 --- [mysite] [restartedMain] o.s.b.d.a.OptionalLiveReloadServer       : LiveReload server is running on port 35729
2025-10-10T10:49:11.737+09:00  INFO 8088 --- [mysite] [restartedMain] o.s.b.w.embedded.tomcat.TomcatWebServer  : Tomcat started on port 8080 (http) with context path '/'
2025-10-10T10:49:11.738+09:00  INFO 8088 --- [mysite] [restartedMain] com.moviesite.mysite.MysiteApplication   : Started MysiteApplication in 0.549 seconds (process running for 2514.7)
2025-10-10T10:49:11.738+09:00  INFO 8088 --- [mysite] [restartedMain] .ConditionEvaluationDeltaLoggingListener : Condition evaluation unchanged
